
   INFO  Server running on [http://127.0.0.1:8000].  

  Press Ctrl+C to stop the server

  2026-03-16 16:05:59 /api/auth/me ............................................................................. ~ 1s
  2026-03-16 16:09:01 /api/auth/me ............................................................................. ~ 1s
  2026-03-16 16:09:04 /api/documents/check-code ................................................................ ~ 1s
  2026-03-16 16:09:05 /api/documents/check-code .......................................................... ~ 506.25ms
  2026-03-16 16:09:06 /api/documents/check-code .......................................................... ~ 507.21ms
  2026-03-16 16:09:07 /api/documents/check-code ................................................................ ~ 1s
  2026-03-16 16:09:25 /api/documents/check-code ................................................................ ~ 1s
  2026-03-16 16:09:26 /api/documents/check-code ................................................................ ~ 1s
  2026-03-16 16:09:27 /api/upload .............................................................................. ~ 1s
  2026-03-16 16:10:13 /api/system/compression-status ........................................................... ~ 1s
  2026-03-16 16:10:14 /api/system/compression-status ..................................................... ~ 509.94ms
  2026-03-16 16:11:46 /api/auth/login .......................................................................... ~ 1s
  2026-03-16 16:11:48 /api/auth/login .......................................................................... ~ 1s
  2026-03-16 16:11:50 /api/upload .............................................................................. ~ 1s
  2026-03-16 16:11:51 /api/documents/create .................................................................... ~ 1s
  2026-03-16 16:11:53 /api/documents/qr/2reQCZLMiPDc/attach-pdf ................................................ ~ 1s
  2026-03-16 16:12:11 /api/auth/login .......................................................................... ~ 1s
  2026-03-16 16:12:13 /api/documents ........................................................................... ~ 1s
  2026-03-16 16:12:14 /api/documents/20 ........................................................................ ~ 1s
  2026-03-16 16:12:15 /api/documents/19 ........................................................................ ~ 1s
  2026-03-16 16:13:57 /api/auth/me ............................................................................. ~ 1s
  2026-03-16 16:15:13 /api/system/compression-status ..................................................... ~ 514.06ms
  2026-03-16 16:15:13 /api/system/compression-status ........................................................... ~ 1s
  2026-03-16 16:15:21 /api/documents/17 .................................................................. ~ 508.60ms
  2026-03-16 16:15:22 /api/documents/17 ........................................................................ ~ 1s
  2026-03-16 16:15:23 /api/documents/16 .................................................................. ~ 511.23ms
  2026-03-16 16:15:24 /api/documents/stats ..................................................................... ~ 1s
  2026-03-16 16:15:24 /api/documents/16 ........................................................................ ~ 1s
  2026-03-16 16:15:25 /api/documents/15 ........................................................................ ~ 1s
  2026-03-16 16:15:26 /api/documents/stats ............................................................... ~ 513.10ms
  2026-03-16 16:15:26 /api/documents/15 ........................................................................ ~ 1s
  2026-03-16 16:15:28 /api/documents/14 .................................................................. ~ 502.78ms
  2026-03-16 16:15:28 /api/documents/stats ..................................................................... ~ 1s
  2026-03-16 16:15:28 /api/documents/14 ........................................................................ ~ 2s
  2026-03-16 16:15:30 /api/documents/stats ..................................................................... ~ 1s
  2026-03-16 16:20:13 /api/system/compression-status ........................................................... ~ 1s
  2026-03-16 16:20:15 /api/system/compression-status ....................................................... ~ 0.04ms
  2026-03-16 16:25:13 /api/system/compression-status ........................................................... ~ 1s
  2026-03-16 16:25:15 /api/system/compression-status ..................................................... ~ 505.56ms
  2026-03-16 16:30:13 /api/system/compression-status ........................................................... ~ 1s
  2026-03-16 16:30:14 /api/system/compression-status ..................................................... ~ 502.53ms
  2026-03-16 16:35:30 /api/system/compression-status ........................................................... ~ 1s
  2026-03-16 16:35:31 /api/system/compression-status ..................................................... ~ 514.16ms
  2026-03-16 16:40:30 /api/system/compression-status ........................................................... ~ 1s
  2026-03-16 16:40:31 /api/system/compression-status ..................................................... ~ 501.57ms
  2026-03-16 16:45:30 /api/system/compression-status ........................................................... ~ 1s
  2026-03-16 16:45:31 /api/system/compression-status ........................................................... ~ 1s
  2026-03-16 16:50:30 /api/system/compression-status ..................................................... ~ 514.99ms
  2026-03-16 16:50:31 /api/system/compression-status ........................................................... ~ 1s
  2026-03-16 16:55:30 /api/system/compression-status ........................................................... ~ 1s
  2026-03-16 16:55:31 /api/system/compression-status ..................................................... ~ 503.92ms
  2026-03-16 16:59:40 /api/auth/me ....................................................................... ~ 509.76ms
  2026-03-16 16:59:40 /api/auth/me ....................................................................... ~ 503.57ms
  2026-03-16 16:59:40 /api/documents/stats ..................................................................... ~ 1s
  2026-03-16 16:59:41 /api/auth/me ............................................................................. ~ 1s
  2026-03-16 16:59:41 /api/system/compression-status ........................................................... ~ 1s
  2026-03-16 16:59:42 /api/auth/me ............................................................................. ~ 1s
  2026-03-16 16:59:43 /api/documents/stats ..................................................................... ~ 2s
  2026-03-16 16:59:43 /api/system/compression-status ........................................................... ~ 1s
  2026-03-16 16:59:44 /api/system/compression-status ........................................................... ~ 1s
  2026-03-16 16:59:45 /api/auth/me ............................................................................. ~ 1s
  2026-03-16 16:59:45 /api/auth/login .......................................................................... ~ 1s
  2026-03-16 16:59:46 /api/system/compression-status ........................................................... ~ 1s
  2026-03-16 16:59:47 /api/auth/me ............................................................................. ~ 1s
  2026-03-16 16:59:47 /api/auth/login .......................................................................... ~ 2s
  2026-03-16 16:59:48 /api/system/compression-status ........................................................... ~ 2s
  2026-03-16 16:59:49 /api/auth/me ............................................................................. ~ 1s
  2026-03-16 16:59:50 /api/documents/stats ..................................................................... ~ 1s
  2026-03-16 16:59:51 /api/system/compression-status ........................................................... ~ 1s
  2026-03-16 16:59:51 /api/auth/me ............................................................................. ~ 1s
  2026-03-16 16:59:53 /api/auth/me ....................................................................... ~ 511.65ms
  2026-03-16 16:59:53 /api/auth/me ............................................................................. ~ 1s
  2026-03-16 16:59:54 /api/auth/me ....................................................................... ~ 502.20ms
  2026-03-16 16:59:55 /api/auth/me ....................................................................... ~ 515.32ms
  2026-03-16 17:00:10 /api/auth/login .................................................................... ~ 506.28ms
  2026-03-16 17:00:11 /api/auth/login .......................................................................... ~ 1s
  2026-03-16 17:00:12 /api/auth/me ....................................................................... ~ 505.62ms
  2026-03-16 17:00:13 /api/documents/stats ............................................................... ~ 503.54ms
  2026-03-16 17:00:13 /api/auth/me ............................................................................. ~ 1s
  2026-03-16 17:00:13 /api/system/compression-status ........................................................... ~ 1s
  2026-03-16 17:00:14 /api/auth/me ............................................................................. ~ 1s
  2026-03-16 17:00:14 /api/documents/stats ..................................................................... ~ 2s
  2026-03-16 17:00:15 /api/auth/me ............................................................................. ~ 1s
  2026-03-16 17:00:16 /api/system/compression-status ........................................................... ~ 1s
  2026-03-16 17:00:19 /api/auth/login .................................................................... ~ 503.55ms
  2026-03-16 17:00:19 /api/auth/login .......................................................................... ~ 1s
  2026-03-16 17:00:21 /api/auth/me ....................................................................... ~ 504.50ms
  2026-03-16 17:00:22 /api/documents/stats ............................................................... ~ 502.80ms
  2026-03-16 17:00:22 /api/auth/me ............................................................................. ~ 1s
  2026-03-16 17:00:22 /api/system/compression-status ........................................................... ~ 1s
  2026-03-16 17:00:23 /api/auth/me ............................................................................. ~ 1s
  2026-03-16 17:00:23 /api/documents/stats ..................................................................... ~ 1s
  2026-03-16 17:00:24 /api/auth/me ............................................................................. ~ 1s
  2026-03-16 17:00:25 /api/system/compression-status ........................................................... ~ 1s
  2026-03-16 17:00:30 /api/system/compression-status ..................................................... ~ 506.91ms
  2026-03-16 17:00:31 /api/system/compression-status ..................................................... ~ 511.55ms

   INFO  Environment modified. Restarting server...  

   INFO  Server running on [http://127.0.0.1:8000].  

  Press Ctrl+C to stop the server

  2026-03-16 17:03:22 /api/auth/me ............................................................................. ~ 1s
  2026-03-16 17:04:45 /api/auth/login .................................................................... ~ 516.11ms
  2026-03-16 17:04:45 /api/auth/login .......................................................................... ~ 1s
  2026-03-16 17:04:47 /api/auth/me ....................................................................... ~ 509.86ms
  2026-03-16 17:04:48 /api/documents/stats ............................................................... ~ 515.21ms
  2026-03-16 17:04:48 /api/auth/me ............................................................................. ~ 1s
  2026-03-16 17:04:48 /api/system/compression-status ........................................................... ~ 1s
  2026-03-16 17:04:49 /api/auth/me ............................................................................. ~ 1s
  2026-03-16 17:04:49 /api/documents/stats ..................................................................... ~ 1s
  2026-03-16 17:04:50 /api/auth/me ............................................................................. ~ 1s
  2026-03-16 17:04:51 /api/system/compression-status ........................................................... ~ 1s
  2026-03-16 17:04:52 /api/auth/me ....................................................................... ~ 513.56ms
  2026-03-16 17:04:53 /api/auth/me ....................................................................... ~ 501.60ms
  2026-03-16 17:04:53 /api/documents/stats ..................................................................... ~ 1s
  2026-03-16 17:04:53 /api/auth/me ............................................................................. ~ 1s
  2026-03-16 17:04:54 /api/system/compression-status ........................................................... ~ 1s
  2026-03-16 17:04:54 /api/auth/me ............................................................................. ~ 1s
  2026-03-16 17:04:55 /api/auth/me ............................................................................. ~ 1s
  2026-03-16 17:04:56 /api/documents/stats ..................................................................... ~ 1s
  2026-03-16 17:04:56 /api/auth/me ............................................................................. ~ 1s
  2026-03-16 17:04:57 /api/auth/me ............................................................................. ~ 1s
  2026-03-16 17:04:58 /api/auth/me ............................................................................. ~ 1s
  2026-03-16 17:04:58 /api/system/compression-status ........................................................... ~ 1s
  2026-03-16 17:04:59 /api/system/compression-status ........................................................... ~ 1s
  2026-03-16 17:04:59 /api/auth/me ............................................................................. ~ 1s
  2026-03-16 17:05:00 /api/auth/me ............................................................................. ~ 1s
  2026-03-16 17:05:01 /api/system/compression-status ........................................................... ~ 1s
  2026-03-16 17:05:30 /api/system/compression-status ........................................................... ~ 1s
  2026-03-16 17:05:31 /api/system/compression-status ..................................................... ~ 509.37ms
  2026-03-16 17:06:46 /api/auth/me ............................................................................. ~ 1s
  2026-03-16 17:06:47 /api/auth/me ............................................................................. ~ 1s
  2026-03-16 17:06:50 /api/auth/me ....................................................................... ~ 512.15ms
  2026-03-16 17:06:51 /api/system/compression-status ........................................................... ~ 1s
  2026-03-16 17:09:00 /api/auth/me ............................................................................. ~ 1s
  2026-03-16 17:09:01 /api/system/compression-status ........................................................... ~ 1s
  2026-03-16 17:09:01 /api/auth/me ............................................................................. ~ 2s
  2026-03-16 17:09:03 /api/auth/me ....................................................................... ~ 512.40ms
  2026-03-16 17:10:30 /api/system/compression-status ........................................................... ~ 1s
  2026-03-16 17:10:31 /api/system/compression-status ..................................................... ~ 516.70ms
  2026-03-16 17:14:01 /api/system/compression-status ........................................................... ~ 1s
  2026-03-16 17:14:16 /api/auth/me ............................................................................. ~ 1s
  2026-03-16 17:14:16 /api/system/compression-status ..................................................... ~ 508.67ms
  2026-03-16 17:14:16 /api/auth/me ............................................................................. ~ 1s
  2026-03-16 17:14:18 /api/auth/me ....................................................................... ~ 517.19ms
  2026-03-16 17:15:30 /api/system/compression-status ..................................................... ~ 505.18ms
  2026-03-16 17:15:31 /api/system/compression-status ..................................................... ~ 503.89ms
  2026-03-16 17:19:16 /api/system/compression-status ..................................................... ~ 510.90ms
  2026-03-16 17:20:30 /api/system/compression-status ..................................................... ~ 501.23ms
  2026-03-16 17:20:31 /api/system/compression-status ........................................................... ~ 1s
  2026-03-16 17:23:26 /api/auth/me ............................................................................. ~ 1s
  2026-03-16 17:23:27 /api/system/compression-status ..................................................... ~ 515.01ms
  2026-03-16 17:23:27 /api/auth/me ............................................................................. ~ 1s
  2026-03-16 17:23:29 /api/auth/me ....................................................................... ~ 512.32ms
  2026-03-16 17:23:29 /api/auth/me ....................................................................... ~ 501.26ms
  2026-03-16 17:23:29 /api/auth/me ............................................................................. ~ 1s
  2026-03-16 17:23:30 /api/system/compression-status ........................................................... ~ 1s
  2026-03-16 17:23:31 /api/auth/me ............................................................................. ~ 1s
  2026-03-16 17:23:31 /api/auth/me ............................................................................. ~ 1s
  2026-03-16 17:23:32 /api/auth/me ............................................................................. ~ 1s
  2026-03-16 17:23:33 /api/system/compression-status ........................................................... ~ 1s
  2026-03-16 17:23:50 /api/auth/me ............................................................................. ~ 1s
  2026-03-16 17:23:51 /api/system/compression-status ..................................................... ~ 506.36ms
  2026-03-16 17:23:51 /api/auth/me ............................................................................. ~ 1s
  2026-03-16 17:23:52 /api/auth/me ............................................................................. ~ 1s
  2026-03-16 17:25:31 /api/system/compression-status ..................................................... ~ 510.40ms
  2026-03-16 17:25:31 /api/system/compression-status ..................................................... ~ 508.38ms
  2026-03-16 17:26:20 /api/documents/check-code .......................................................... ~ 509.40ms
  2026-03-16 17:26:20 /api/documents/check-code .......................................................... ~ 510.65ms
  2026-03-16 17:26:21 /api/documents/check-code ................................................................ ~ 1s
  2026-03-16 17:26:22 /api/documents/check-code .......................................................... ~ 502.07ms
  2026-03-16 17:26:23 /api/upload .............................................................................. ~ 1s
  2026-03-16 17:26:23 /api/upload .............................................................................. ~ 1s
  2026-03-16 17:26:26 /api/auth/me ....................................................................... ~ 510.59ms
  2026-03-16 17:26:27 /api/auth/me ............................................................................. ~ 1s
  2026-03-16 17:26:28 /api/documents/qr/l44L6uPhsQMqEFtVwbkwCkFBvy1e9wEF ................................. ~ 516.24ms
  2026-03-16 17:26:28 /api/documents/qr/l44L6uPhsQMqEFtVwbkwCkFBvy1e9wEF ................................. ~ 513.53ms
  2026-03-16 17:26:30 /api/files/pdf-original/l44L6uPhsQMqEFtVwbkwCkFBvy1e9wEF ........................... ~ 505.50ms
  2026-03-16 17:26:30 /api/files/pdf-original/l44L6uPhsQMqEFtVwbkwCkFBvy1e9wEF ................................. ~ 1s
  2026-03-16 17:26:31 /api/files/qr/l44L6uPhsQMqEFtVwbkwCkFBvy1e9wEF ..................................... ~ 511.79ms
  2026-03-16 17:26:44 /api/embed ......................................................................... ~ 511.43ms
  2026-03-16 17:26:45 /api/embed ............................................................................... ~ 1s
  2026-03-16 17:26:46 /api/documents/qr/l44L6uPhsQMqEFtVwbkwCkFBvy1e9wEF ....................................... ~ 1s
  2026-03-16 17:28:34 /api/auth/me ............................................................................. ~ 1s
  2026-03-16 17:28:35 /api/system/compression-status ..................................................... ~ 504.74ms
  2026-03-16 17:28:35 /api/auth/me ............................................................................. ~ 1s
  2026-03-16 17:28:36 /api/auth/me ....................................................................... ~ 508.67ms
  2026-03-16 17:29:08 /api/auth/me ............................................................................. ~ 1s
  2026-03-16 17:29:09 /api/system/compression-status ..................................................... ~ 512.53ms
  2026-03-16 17:29:09 /api/auth/me ............................................................................. ~ 1s
  2026-03-16 17:29:10 /api/auth/me ....................................................................... ~ 507.55ms
  2026-03-16 17:29:20 /api/documents/check-code ................................................................ ~ 1s
  2026-03-16 17:29:24 /api/documents/check-code .......................................................... ~ 500.31ms
  2026-03-16 17:29:32 /api/documents/qr/l44L6uPhsQMqEFtVwbkwCkFBvy1e9wEF ....................................... ~ 1s
  2026-03-16 17:29:32 /api/files/pdf/l44L6uPhsQMqEFtVwbkwCkFBvy1e9wEF .......................................... ~ 1s
  2026-03-16 17:29:55 /api/auth/me ....................................................................... ~ 509.47ms
  2026-03-16 17:29:56 /api/documents ..................................................................... ~ 516.01ms
  2026-03-16 17:29:56 /api/documents/stats ..................................................................... ~ 1s
  2026-03-16 17:29:57 /api/system/compression-status ........................................................... ~ 1s
  2026-03-16 17:29:57 /api/auth/me ............................................................................. ~ 1s
  2026-03-16 17:29:58 /api/documents ........................................................................... ~ 1s
  2026-03-16 17:29:59 /api/auth/me ............................................................................. ~ 1s
  2026-03-16 17:30:01 /api/documents/qr/l44L6uPhsQMqEFtVwbkwCkFBvy1e9wEF ................................. ~ 515.71ms
  2026-03-16 17:30:01 /api/files/pdf/l44L6uPhsQMqEFtVwbkwCkFBvy1e9wEF .................................... ~ 513.41ms
  2026-03-16 17:30:05 /api/documents/qr/slk01UClaw2efNE7U3B01USChVzXhtsl ................................. ~ 504.54ms
  2026-03-16 17:30:06 /api/documents/qr/slk01UClaw2efNE7U3B01USChVzXhtsl ....................................... ~ 1s
  2026-03-16 17:30:07 /api/documents/qr/slk01UClaw2efNE7U3B01USChVzXhtsl ................................. ~ 510.25ms
  2026-03-16 17:30:07 /api/files/pdf/slk01UClaw2efNE7U3B01USChVzXhtsl .......................................... ~ 1s
  2026-03-16 17:30:08 /api/files/pdf/slk01UClaw2efNE7U3B01USChVzXhtsl .................................... ~ 507.71ms
  2026-03-16 17:30:12 /api/documents/18 .................................................................. ~ 508.09ms
  2026-03-16 17:30:13 /api/documents/18 .................................................................. ~ 507.68ms
  2026-03-16 17:30:13 /api/documents/21 ........................................................................ ~ 1s
  2026-03-16 17:30:13 /api/system/compression-status ........................................................... ~ 1s
  2026-03-16 17:30:14 /api/documents/stats ..................................................................... ~ 1s
  2026-03-16 17:30:15 /api/auth/me ............................................................................. ~ 1s
  2026-03-16 17:30:16 /api/system/compression-status ........................................................... ~ 1s
  2026-03-16 17:30:16 /api/documents/21 ........................................................................ ~ 1s
  2026-03-16 17:30:17 /api/system/compression-status ........................................................... ~ 2s
  2026-03-16 17:30:18 /api/auth/me ............................................................................. ~ 1s
  2026-03-16 17:30:19 /api/system/compression-status ........................................................... ~ 1s
  2026-03-16 17:30:20 /api/documents/stats ..................................................................... ~ 1s
  2026-03-16 17:30:20 /api/documents/check-code ................................................................ ~ 1s
  2026-03-16 17:30:21 /api/auth/me ............................................................................. ~ 1s
  2026-03-16 17:30:23 /api/auth/me ............................................................................. ~ 1s
  2026-03-16 17:30:23 /api/auth/me ....................................................................... ~ 516.15ms
  2026-03-16 17:33:59 /api/auth/me ............................................................................. ~ 1s
  2026-03-16 17:34:00 /api/system/compression-status ........................................................... ~ 1s
  2026-03-16 17:34:00 /api/auth/me ............................................................................. ~ 1s
  2026-03-16 17:34:01 /api/system/compression-status ........................................................... ~ 1s
  2026-03-16 17:34:02 /api/auth/me ............................................................................. ~ 1s
  2026-03-16 17:34:04 /api/auth/me ............................................................................. ~ 1s
  2026-03-16 17:34:05 /api/auth/me ............................................................................. ~ 1s
  2026-03-16 17:34:06 /api/auth/me ............................................................................. ~ 1s
  2026-03-16 17:35:30 /api/system/compression-status ........................................................... ~ 1s
  2026-03-16 17:35:31 /api/system/compression-status ..................................................... ~ 512.75ms
  2026-03-16 17:39:00 /api/system/compression-status ..................................................... ~ 512.73ms
  2026-03-16 17:39:01 /api/system/compression-status ........................................................... ~ 1s
  2026-03-16 17:40:30 /api/system/compression-status ........................................................... ~ 1s
  2026-03-16 17:40:31 /api/system/compression-status ........................................................... ~ 1s
  2026-03-16 17:44:00 /api/system/compression-status ........................................................... ~ 1s
  2026-03-16 17:44:01 /api/system/compression-status ..................................................... ~ 504.26ms
  2026-03-16 17:45:30 /api/system/compression-status ..................................................... ~ 517.24ms
  2026-03-16 17:45:31 /api/system/compression-status ........................................................... ~ 1s
  2026-03-16 17:49:00 /api/system/compression-status ..................................................... ~ 503.95ms
  2026-03-16 17:49:01 /api/system/compression-status ..................................................... ~ 514.70ms
  2026-03-16 17:49:40 /api/documents/check-code ............................................................ ~ 0.15ms
  2026-03-16 17:49:40 /api/documents/check-code ................................................................ ~ 1s
  2026-03-16 17:49:43 /api/documents/check-code .......................................................... ~ 506.78ms
  2026-03-16 17:49:43 /api/upload .............................................................................. ~ 1s
  2026-03-16 17:49:45 /api/documents/check-code ................................................................ ~ 1s
  2026-03-16 17:49:45 /api/documents/qr/yK5Nitgtwsq75CfvgMXvQd4EcyyXnt0Z ................................. ~ 600.93ms
  2026-03-16 17:49:45 /api/auth/me ............................................................................. ~ 1s
  2026-03-16 17:49:46 /api/documents/qr/yK5Nitgtwsq75CfvgMXvQd4EcyyXnt0Z ....................................... ~ 1s
  2026-03-16 17:49:47 /api/documents/qr/yK5Nitgtwsq75CfvgMXvQd4EcyyXnt0Z ....................................... ~ 1s
  2026-03-16 17:49:47 /api/auth/me ............................................................................. ~ 1s
  2026-03-16 17:49:48 /api/documents/qr/yK5Nitgtwsq75CfvgMXvQd4EcyyXnt0Z ....................................... ~ 1s
  2026-03-16 17:49:49 /api/files/pdf-original/yK5Nitgtwsq75CfvgMXvQd4EcyyXnt0Z ........................... ~ 517.55ms
  2026-03-16 17:49:49 /api/files/pdf-original/yK5Nitgtwsq75CfvgMXvQd4EcyyXnt0Z ........................... ~ 509.80ms
  2026-03-16 17:49:50 /api/files/qr/yK5Nitgtwsq75CfvgMXvQd4EcyyXnt0Z ..................................... ~ 507.66ms
  2026-03-16 17:50:18 /api/embed ............................................................................... ~ 1s
  2026-03-16 17:50:19 /api/documents/qr/yK5Nitgtwsq75CfvgMXvQd4EcyyXnt0Z ................................. ~ 504.03ms
  2026-03-16 17:50:22 /api/documents/qr/yK5Nitgtwsq75CfvgMXvQd4EcyyXnt0Z ................................. ~ 502.15ms
  2026-03-16 17:50:22 /api/files/pdf/yK5Nitgtwsq75CfvgMXvQd4EcyyXnt0Z .................................... ~ 518.50ms
  2026-03-16 17:50:30 /api/system/compression-status ..................................................... ~ 546.54ms
  2026-03-16 17:50:31 /api/system/compression-status ..................................................... ~ 510.28ms
  2026-03-16 17:50:31 /api/system/compression-status ........................................................... ~ 1s
  2026-03-16 17:50:32 /api/system/compression-status ..................................................... ~ 517.74ms
  2026-03-16 17:52:04 /api/auth/me ....................................................................... ~ 515.10ms
  2026-03-16 17:52:04 /api/documents ..................................................................... ~ 503.60ms
  2026-03-16 17:52:04 /api/documents/stats ..................................................................... ~ 1s
  2026-03-16 17:52:05 /api/system/compression-status ........................................................... ~ 1s
  2026-03-16 17:52:06 /api/auth/me ............................................................................. ~ 1s
  2026-03-16 17:52:09 /api/documents/qr/yK5Nitgtwsq75CfvgMXvQd4EcyyXnt0Z ................................. ~ 518.14ms
  2026-03-16 17:52:10 /api/files/pdf/yK5Nitgtwsq75CfvgMXvQd4EcyyXnt0Z .................................... ~ 500.55ms
  2026-03-16 17:52:48 /api/system/compression-status ..................................................... ~ 509.52ms
  2026-03-16 17:52:48 /api/auth/me ............................................................................. ~ 1s
  2026-03-16 17:52:50 /api/auth/me ....................................................................... ~ 509.48ms
  2026-03-16 17:52:51 /api/documents ..................................................................... ~ 507.68ms
  2026-03-16 17:52:51 /api/documents/stats ..................................................................... ~ 1s
  2026-03-16 17:52:51 /api/auth/me ............................................................................. ~ 1s
  2026-03-16 17:52:52 /api/system/compression-status ........................................................... ~ 1s
  2026-03-16 17:52:52 /api/auth/me ............................................................................. ~ 1s
  2026-03-16 17:52:57 /api/documents/qr/yK5Nitgtwsq75CfvgMXvQd4EcyyXnt0Z ................................. ~ 509.93ms
  2026-03-16 17:52:57 /api/files/pdf/yK5Nitgtwsq75CfvgMXvQd4EcyyXnt0Z .................................... ~ 501.00ms
  2026-03-16 17:53:27 /api/view/yK5Nitgtwsq75CfvgMXvQd4EcyyXnt0Z ............................................... ~ 1s
  2026-03-16 17:53:27 /favicon.ico ............................................................................. ~ 1s
  2026-03-16 17:53:41 /api/auth/me ....................................................................... ~ 504.10ms
  2026-03-16 17:53:41 /api/system/compression-status ........................................................... ~ 2s
  2026-03-16 17:53:42 /api/auth/me ............................................................................. ~ 2s
  2026-03-16 17:54:00 /api/system/compression-status ..................................................... ~ 502.91ms
  2026-03-16 17:55:55 /api/auth/me ....................................................................... ~ 505.60ms
  2026-03-16 17:55:55 /api/documents ........................................................................... ~ 1s
  2026-03-16 17:55:56 /api/documents/stats ..................................................................... ~ 1s
  2026-03-16 17:55:56 /api/system/compression-status ........................................................... ~ 1s
  2026-03-16 17:55:57 /api/auth/me ............................................................................. ~ 1s
  2026-03-16 17:55:58 /api/documents/22 .................................................................... ~ 0.20ms
  2026-03-16 17:55:58 /api/documents/22 .................................................................. ~ 509.51ms
  2026-03-16 17:55:59 /api/documents/stats ............................................................... ~ 504.04ms
  2026-03-16 17:55:59 /api/auth/me ............................................................................. ~ 1s
  2026-03-16 17:55:59 /api/system/compression-status ........................................................... ~ 1s
  2026-03-16 17:56:00 /api/auth/me ............................................................................. ~ 1s
  2026-03-16 17:56:00 /api/system/compression-status ........................................................... ~ 1s
  2026-03-16 17:56:01 /api/auth/me ............................................................................. ~ 1s
  2026-03-16 17:56:03 /api/auth/me ............................................................................. ~ 1s
  2026-03-16 17:56:26 /api/documents/check-code ............................................................ ~ 0.10ms
  2026-03-16 17:56:26 /api/documents/check-code .......................................................... ~ 503.12ms
  2026-03-16 17:56:32 /api/documents/check-code .......................................................... ~ 512.14ms
  2026-03-16 17:56:32 /api/upload .............................................................................. ~ 1s
  2026-03-16 17:56:33 /api/documents/check-code ................................................................ ~ 1s
  2026-03-16 17:56:34 /api/documents/qr/lVsFFZNayPOcmwCRG9U9IsMUzAMf56Sz ................................. ~ 511.57ms
  2026-03-16 17:56:34 /api/auth/me ............................................................................. ~ 1s
  2026-03-16 17:56:35 /api/documents/qr/lVsFFZNayPOcmwCRG9U9IsMUzAMf56Sz ....................................... ~ 1s
  2026-03-16 17:56:35 /api/documents/qr/lVsFFZNayPOcmwCRG9U9IsMUzAMf56Sz ....................................... ~ 1s
  2026-03-16 17:56:36 /api/auth/me ............................................................................. ~ 1s
  2026-03-16 17:56:36 /api/documents/qr/lVsFFZNayPOcmwCRG9U9IsMUzAMf56Sz ....................................... ~ 1s
  2026-03-16 17:56:37 /api/files/pdf-original/lVsFFZNayPOcmwCRG9U9IsMUzAMf56Sz ........................... ~ 501.96ms
  2026-03-16 17:56:38 /api/files/pdf-original/lVsFFZNayPOcmwCRG9U9IsMUzAMf56Sz ........................... ~ 516.96ms
  2026-03-16 17:56:38 /api/files/qr/lVsFFZNayPOcmwCRG9U9IsMUzAMf56Sz ..................................... ~ 504.73ms
  2026-03-16 17:57:19 /api/embed ......................................................................... ~ 516.40ms
  2026-03-16 17:57:20 /api/documents/qr/lVsFFZNayPOcmwCRG9U9IsMUzAMf56Sz ................................. ~ 509.02ms
  2026-03-16 17:57:26 /api/auth/me ....................................................................... ~ 506.11ms
  2026-03-16 17:57:27 /api/documents ..................................................................... ~ 506.46ms
  2026-03-16 17:57:27 /api/documents/stats ..................................................................... ~ 1s
  2026-03-16 17:57:27 /api/system/compression-status ........................................................... ~ 1s
  2026-03-16 17:57:28 /api/auth/me ............................................................................. ~ 1s
  2026-03-16 17:57:31 /api/documents/23 .................................................................... ~ 0.10ms
  2026-03-16 17:57:31 /api/documents/23 ........................................................................ ~ 1s
  2026-03-16 17:57:32 /api/documents/stats ............................................................... ~ 510.54ms
  2026-03-16 17:59:00 /api/system/compression-status ..................................................... ~ 505.87ms
  2026-03-16 18:02:27 /api/system/compression-status ..................................................... ~ 511.92ms
  2026-03-16 18:04:00 /api/system/compression-status ..................................................... ~ 514.45ms
  2026-03-16 18:07:27 /api/system/compression-status ........................................................... ~ 2s
  2026-03-16 18:09:30 /api/system/compression-status ........................................................... ~ 1s
  2026-03-16 18:12:23 /api/auth/me ............................................................................. ~ 1s
  2026-03-16 18:12:24 /api/system/compression-status ........................................................... ~ 1s
  2026-03-16 18:12:24 /api/documents ........................................................................... ~ 2s
  2026-03-16 18:12:24 /api/documents/stats ..................................................................... ~ 2s
  2026-03-16 18:12:25 /api/auth/me ............................................................................. ~ 1s
  2026-03-16 18:12:26 /api/system/compression-status ........................................................... ~ 1s
  2026-03-16 18:12:27 /api/auth/me ............................................................................. ~ 2s
  2026-03-16 18:12:29 /api/auth/me ....................................................................... ~ 507.63ms
  2026-03-16 18:12:30 /api/auth/me ............................................................................. ~ 1s
  2026-03-16 18:12:31 /api/auth/me ............................................................................. ~ 1s
  2026-03-16 18:12:40 /api/auth/me ....................................................................... ~ 507.63ms
  2026-03-16 18:12:40 /api/system/compression-status ..................................................... ~ 511.07ms
  2026-03-16 18:12:40 /api/documents ........................................................................... ~ 1s
  2026-03-16 18:12:41 /api/documents/stats ..................................................................... ~ 2s
  2026-03-16 18:12:42 /api/auth/me ............................................................................. ~ 1s
  2026-03-16 18:12:43 /api/system/compression-status ........................................................... ~ 1s
  2026-03-16 18:12:44 /api/auth/me ............................................................................. ~ 1s
  2026-03-16 18:12:45 /api/auth/me ............................................................................. ~ 1s
  2026-03-16 18:12:46 /api/auth/me ....................................................................... ~ 509.28ms
  2026-03-16 18:12:47 /api/auth/me ............................................................................. ~ 1s
  2026-03-16 18:15:29 /api/auth/me ............................................................................. ~ 1s
  2026-03-16 18:15:30 /api/system/compression-status ..................................................... ~ 512.84ms
  2026-03-16 18:15:30 /api/auth/me ............................................................................. ~ 1s
  2026-03-16 18:15:31 /api/system/compression-status ........................................................... ~ 1s
  2026-03-16 18:15:31 /api/auth/me ............................................................................. ~ 1s
  2026-03-16 18:15:33 /api/auth/me ....................................................................... ~ 512.52ms
  2026-03-16 18:15:37 /api/auth/me ....................................................................... ~ 513.19ms
  2026-03-16 18:15:37 /api/documents ........................................................................... ~ 1s
  2026-03-16 18:15:37 /api/documents/stats ..................................................................... ~ 1s
  2026-03-16 18:15:38 /api/system/compression-status ........................................................... ~ 1s
  2026-03-16 18:15:39 /api/auth/me ............................................................................. ~ 1s
  2026-03-16 18:15:40 /api/system/compression-status ........................................................... ~ 1s
  2026-03-16 18:15:41 /api/auth/me ............................................................................. ~ 2s
  2026-03-16 18:15:42 /api/auth/me ....................................................................... ~ 508.33ms
  2026-03-16 18:15:48 /api/auth/me ....................................................................... ~ 514.10ms
  2026-03-16 18:15:48 /api/documents ........................................................................... ~ 1s
  2026-03-16 18:15:48 /api/documents/stats ..................................................................... ~ 1s
  2026-03-16 18:15:49 /api/system/compression-status ........................................................... ~ 1s
  2026-03-16 18:15:50 /api/auth/me ............................................................................. ~ 1s
  2026-03-16 18:15:51 /api/system/compression-status ........................................................... ~ 1s
  2026-03-16 18:15:51 /api/auth/me ............................................................................. ~ 1s
  2026-03-16 18:15:53 /api/auth/me ............................................................................. ~ 1s
  2026-03-16 18:16:01 /api/documents/check-code .......................................................... ~ 514.93ms
  2026-03-16 18:16:01 /api/documents/check-code ................................................................ ~ 1s
  2026-03-16 18:16:04 /api/documents/check-code .......................................................... ~ 513.21ms
  2026-03-16 18:16:05 /api/documents/check-code ................................................................ ~ 1s
  2026-03-16 18:16:06 /api/upload .............................................................................. ~ 2s
  2026-03-16 18:16:08 /api/documents/qr/6n9Obk5yC83ehWHBeYXlemGNJfQTAMLM ................................. ~ 511.94ms
  2026-03-16 18:16:08 /api/auth/me ............................................................................. ~ 1s
  2026-03-16 18:16:08 /api/documents/qr/6n9Obk5yC83ehWHBeYXlemGNJfQTAMLM ....................................... ~ 2s
  2026-03-16 18:16:09 /api/auth/me ............................................................................. ~ 1s
  2026-03-16 18:16:10 /api/documents/qr/6n9Obk5yC83ehWHBeYXlemGNJfQTAMLM ....................................... ~ 1s
  2026-03-16 18:16:12 /api/files/pdf-original/6n9Obk5yC83ehWHBeYXlemGNJfQTAMLM ........................... ~ 505.25ms
  2026-03-16 18:16:13 /api/files/pdf-original/6n9Obk5yC83ehWHBeYXlemGNJfQTAMLM ................................. ~ 1s
  2026-03-16 18:16:14 /api/files/qr/6n9Obk5yC83ehWHBeYXlemGNJfQTAMLM ..................................... ~ 502.84ms
  2026-03-16 18:16:25 /api/embed ............................................................................... ~ 1s
  2026-03-16 18:16:26 /api/documents/qr/6n9Obk5yC83ehWHBeYXlemGNJfQTAMLM ....................................... ~ 1s
