
> docqr-frontend@1.0.0 start
> ng serve --host 127.0.0.1 --port 4200

[32m✔[0m [33mConsole Ninja[0m extension is connected to [33mAngular[0m, see [36mhttps://tinyurl.com/2vt8jxzw[0m

Initial chunk files                                                                                     | Names                                        |   Raw size
vendor.js                                                                                               | vendor                                       |    3.23 MB | 
polyfills.js                                                                                            | polyfills                                    |  262.57 kB | 
styles.css, styles.js                                                                                   | styles                                       |  196.00 kB | 
main.js                                                                                                 | main                                         |  136.18 kB | 
runtime.js                                                                                              | runtime                                      |   12.62 kB | 

                                                                                                        | Initial total                                |    3.83 MB

Lazy chunk files                                                                                        | Names                                        |   Raw size
node_modules_pdf-lib_es_index_js.js                                                                     | pdf-lib                                      |    1.41 MB | 
src_app_features_pdf-editor_pdf-editor_component_ts.js                                                  | features-pdf-editor-pdf-editor-component     |    1.29 MB | 
src_app_features_documents_document-list_component_ts.js                                                | features-documents-document-list-component   | 1005.21 kB | 
src_app_features_dashboard_dashboard_component_ts.js                                                    | features-dashboard-dashboard-component       |  576.15 kB | 
default-node_modules_angular_forms_fesm2022_forms_mjs.js                                                | features-login-login-component               |  294.59 kB | 
default-src_app_shared_components_header_header_component_ts-src_app_shared_components_sideba-b9d451.js | features-dashboard-dashboard-component       |  161.73 kB | 
src_app_features_documents_attach-upload_component_ts.js                                                | features-documents-attach-upload-component   |   98.12 kB | 
src_app_features_compression_compression_component_ts.js                                                | features-compression-compression-component   |   72.28 kB | 
src_app_features_documents_bulk-upload_component_ts.js                                                  | features-documents-bulk-upload-component     |   70.97 kB | 
src_app_features_login_login_component_ts.js                                                            | features-login-login-component               |   62.23 kB | 
src_app_features_upload_upload_component_ts.js                                                          | features-upload-upload-component             |   42.20 kB | 
src_app_features_documents_attach-document_component_ts.js                                              | features-documents-attach-document-component |   30.19 kB | 
src_app_features_settings_settings_component_ts.js                                                      | features-settings-settings-component         |   27.44 kB | 
src_app_features_help_help_component_ts.js                                                              | features-help-help-component                 |   27.01 kB | 
common.js                                                                                               | common                                       |    1.47 kB | 

Build at: 2026-03-16T15:16:47.830Z - Hash: 3bd6bd3a45be9042 - Time: 72614ms

** Angular Live Development Server is listening on 127.0.0.1:4200, open your browser on http://127.0.0.1:4200/ **


√ Compiled successfully.



20 unchanged chunks

Build at: 2026-03-16T15:16:53.147Z - Hash: 3bd6bd3a45be9042 - Time: 3637ms

√ Compiled successfully.

Initial chunk files                                    | Names                                    | Raw size
runtime.js                                             | runtime                                  | 12.62 kB | 

Lazy chunk files                                       | Names                                    | Raw size
src_app_features_documents_bulk-upload_component_ts.js | features-documents-bulk-upload-component | 71.06 kB | 

18 unchanged chunks

Build at: 2026-03-16T15:22:11.047Z - Hash: a93a369983353001 - Time: 4792ms

× Failed to compile.

Initial chunk files                                    | Names                                    |  Raw size
main.js                                                | main                                     | 136.18 kB | 
runtime.js                                             | runtime                                  |  12.62 kB | 

Lazy chunk files                                       | Names                                    |  Raw size
src_app_features_documents_bulk-upload_component_ts.js | features-documents-bulk-upload-component |  75.10 kB | 

17 unchanged chunks

Build at: 2026-03-16T15:23:01.564Z - Hash: b1c5d430c2ec23af - Time: 4468ms

√ Compiled successfully.

Initial chunk files                                    | Names                                    | Raw size
runtime.js                                             | runtime                                  | 12.62 kB | 

Lazy chunk files                                       | Names                                    | Raw size
src_app_features_documents_bulk-upload_component_ts.js | features-documents-bulk-upload-component | 80.63 kB | 

18 unchanged chunks

Build at: 2026-03-16T15:23:24.491Z - Hash: 107cb7c131e09f1d - Time: 3035ms

√ Compiled successfully.

Initial chunk files                                    | Names                                    | Raw size
runtime.js                                             | runtime                                  | 12.62 kB | 

Lazy chunk files                                       | Names                                    | Raw size
src_app_features_documents_bulk-upload_component_ts.js | features-documents-bulk-upload-component | 81.01 kB | 

18 unchanged chunks

Build at: 2026-03-16T15:23:43.171Z - Hash: 52aa3ca8ad9e8105 - Time: 3694ms

√ Compiled successfully.

Initial chunk files                                    | Names                                    | Raw size
runtime.js                                             | runtime                                  | 12.62 kB | 

Lazy chunk files                                       | Names                                    | Raw size
src_app_features_documents_bulk-upload_component_ts.js | features-documents-bulk-upload-component | 81.63 kB | 

18 unchanged chunks

Build at: 2026-03-16T15:27:37.402Z - Hash: ed45952e4aae6b00 - Time: 3371ms

√ Compiled successfully.

Initial chunk files                                    | Names                                    | Raw size
runtime.js                                             | runtime                                  | 12.62 kB | 

Lazy chunk files                                       | Names                                    | Raw size
src_app_features_documents_bulk-upload_component_ts.js | features-documents-bulk-upload-component | 84.43 kB | 

18 unchanged chunks

Build at: 2026-03-16T15:27:52.300Z - Hash: 95826876749e922e - Time: 2837ms

√ Compiled successfully.

Initial chunk files                                    | Names                                    | Raw size
runtime.js                                             | runtime                                  | 12.62 kB | 

Lazy chunk files                                       | Names                                    | Raw size
src_app_features_documents_bulk-upload_component_ts.js | features-documents-bulk-upload-component | 84.71 kB | 

18 unchanged chunks

Build at: 2026-03-16T15:39:17.238Z - Hash: a245f7d561716f1f - Time: 3742ms

× Failed to compile.

Initial chunk files                                    | Names                                    | Raw size
runtime.js                                             | runtime                                  | 12.62 kB | 

Lazy chunk files                                       | Names                                    | Raw size
src_app_features_documents_bulk-upload_component_ts.js | features-documents-bulk-upload-component | 84.94 kB | 

18 unchanged chunks

Build at: 2026-03-16T15:39:32.513Z - Hash: 2ce42767fae1e574 - Time: 3098ms

× Failed to compile.

Initial chunk files                                    | Names                                    | Raw size
runtime.js                                             | runtime                                  | 12.62 kB | 

Lazy chunk files                                       | Names                                    | Raw size
src_app_features_documents_bulk-upload_component_ts.js | features-documents-bulk-upload-component | 85.61 kB | 

18 unchanged chunks

Build at: 2026-03-16T15:39:54.163Z - Hash: 4f43321e8ef330fb - Time: 3454ms

× Failed to compile.

Initial chunk files                                    | Names                                    | Raw size
runtime.js                                             | runtime                                  | 12.62 kB | 

Lazy chunk files                                       | Names                                    | Raw size
src_app_features_documents_bulk-upload_component_ts.js | features-documents-bulk-upload-component | 92.65 kB | 

18 unchanged chunks

Build at: 2026-03-16T15:40:32.124Z - Hash: 10a18dc1dd6b7236 - Time: 3077ms

× Failed to compile.

Initial chunk files                                    | Names                                    | Raw size
runtime.js                                             | runtime                                  | 12.62 kB | 

Lazy chunk files                                       | Names                                    | Raw size
src_app_features_documents_bulk-upload_component_ts.js | features-documents-bulk-upload-component | 94.25 kB | 

18 unchanged chunks

Build at: 2026-03-16T15:40:48.664Z - Hash: ea3d0c25caadb397 - Time: 3375ms

√ Compiled successfully.

Initial chunk files                                    | Names                                    | Raw size
runtime.js                                             | runtime                                  | 12.62 kB | 

Lazy chunk files                                       | Names                                    | Raw size
src_app_features_documents_bulk-upload_component_ts.js | features-documents-bulk-upload-component | 94.32 kB | 

18 unchanged chunks

Build at: 2026-03-16T15:41:03.829Z - Hash: 768d0c3e15b05036 - Time: 2506ms

√ Compiled successfully.

Initial chunk files                                                                   | Names                                      |  Raw size
main.js                                                                               | main                                       | 136.33 kB | 
runtime.js                                                                            | runtime                                    |  12.62 kB | 

Lazy chunk files                                                                      | Names                                      |  Raw size
default-src_app_shared_components_pdf-preview-modal_pdf-preview-modal_component_ts.js | features-documents-bulk-upload-component   | 826.41 kB | 
src_app_features_documents_document-list_component_ts.js                              | features-documents-document-list-component | 180.41 kB | 
src_app_features_documents_bulk-upload_component_ts.js                                | features-documents-bulk-upload-component   | 114.07 kB | 

15 unchanged chunks

Build at: 2026-03-16T15:42:05.525Z - Hash: 79b640064c0b5b85 - Time: 4522ms

√ Compiled successfully.

Initial chunk files                                    | Names                                    |  Raw size
runtime.js                                             | runtime                                  |  12.62 kB | 

Lazy chunk files                                       | Names                                    |  Raw size
src_app_features_documents_bulk-upload_component_ts.js | features-documents-bulk-upload-component | 114.56 kB | 

18 unchanged chunks

Build at: 2026-03-16T15:42:23.418Z - Hash: 7c2d8e35ca03182e - Time: 3990ms

√ Compiled successfully.

Initial chunk files                                    | Names                                    |  Raw size
runtime.js                                             | runtime                                  |  12.62 kB | 

Lazy chunk files                                       | Names                                    |  Raw size
src_app_features_documents_bulk-upload_component_ts.js | features-documents-bulk-upload-component | 114.55 kB | 

18 unchanged chunks

Build at: 2026-03-16T15:42:28.116Z - Hash: a0a52fd4ae62b608 - Time: 2360ms

√ Compiled successfully.

Initial chunk files                                    | Names                                    |  Raw size
runtime.js                                             | runtime                                  |  12.62 kB | 

Lazy chunk files                                       | Names                                    |  Raw size
src_app_features_documents_bulk-upload_component_ts.js | features-documents-bulk-upload-component | 114.68 kB | 

18 unchanged chunks

Build at: 2026-03-16T15:54:24.665Z - Hash: 6aac074d759fb11c - Time: 4347ms

× Failed to compile.



20 unchanged chunks

Build at: 2026-03-16T15:54:26.432Z - Hash: 6aac074d759fb11c - Time: 1301ms

× Failed to compile.

Initial chunk files                                    | Names                                    |  Raw size
runtime.js                                             | runtime                                  |  12.62 kB | 

Lazy chunk files                                       | Names                                    |  Raw size
src_app_features_documents_bulk-upload_component_ts.js | features-documents-bulk-upload-component | 114.75 kB | 

18 unchanged chunks

Build at: 2026-03-16T15:54:43.159Z - Hash: 1b0c4f469b7470fa - Time: 3354ms

× Failed to compile.

Initial chunk files                                    | Names                                    |  Raw size
runtime.js                                             | runtime                                  |  12.62 kB | 

Lazy chunk files                                       | Names                                    |  Raw size
src_app_features_documents_bulk-upload_component_ts.js | features-documents-bulk-upload-component | 115.39 kB | 

18 unchanged chunks

Build at: 2026-03-16T15:54:50.632Z - Hash: 2aedc6c4efacdee0 - Time: 3270ms

× Failed to compile.

Initial chunk files                                    | Names                                    |  Raw size
runtime.js                                             | runtime                                  |  12.62 kB | 

Lazy chunk files                                       | Names                                    |  Raw size
src_app_features_documents_bulk-upload_component_ts.js | features-documents-bulk-upload-component | 116.11 kB | 

18 unchanged chunks

Build at: 2026-03-16T15:55:10.553Z - Hash: 613355b4e46b212f - Time: 4599ms

× Failed to compile.

Initial chunk files                                    | Names                                    |  Raw size
runtime.js                                             | runtime                                  |  12.62 kB | 

Lazy chunk files                                       | Names                                    |  Raw size
src_app_features_documents_bulk-upload_component_ts.js | features-documents-bulk-upload-component | 116.50 kB | 

18 unchanged chunks

Build at: 2026-03-16T15:55:20.741Z - Hash: 5745be6892adc4fb - Time: 4229ms

× Failed to compile.

Initial chunk files                                    | Names                                    |  Raw size
runtime.js                                             | runtime                                  |  12.62 kB | 

Lazy chunk files                                       | Names                                    |  Raw size
src_app_features_documents_bulk-upload_component_ts.js | features-documents-bulk-upload-component | 117.07 kB | 

18 unchanged chunks

Build at: 2026-03-16T15:55:33.562Z - Hash: 7a81a4dd3e7f89f4 - Time: 3842ms

× Failed to compile.

Initial chunk files                                    | Names                                    |  Raw size
runtime.js                                             | runtime                                  |  12.62 kB | 

Lazy chunk files                                       | Names                                    |  Raw size
src_app_features_documents_bulk-upload_component_ts.js | features-documents-bulk-upload-component | 119.98 kB | 

18 unchanged chunks

Build at: 2026-03-16T15:56:08.562Z - Hash: 131d309bdd2e80d1 - Time: 3821ms

× Failed to compile.

Initial chunk files                                    | Names                                    |  Raw size
runtime.js                                             | runtime                                  |  12.62 kB | 

Lazy chunk files                                       | Names                                    |  Raw size
src_app_features_documents_bulk-upload_component_ts.js | features-documents-bulk-upload-component | 120.16 kB | 

18 unchanged chunks

Build at: 2026-03-16T15:56:21.794Z - Hash: c42db2ffa417ce24 - Time: 3016ms

× Failed to compile.

Initial chunk files                                    | Names                                    |  Raw size
runtime.js                                             | runtime                                  |  12.62 kB | 

Lazy chunk files                                       | Names                                    |  Raw size
src_app_features_documents_bulk-upload_component_ts.js | features-documents-bulk-upload-component | 122.29 kB | 

18 unchanged chunks

Build at: 2026-03-16T15:56:46.835Z - Hash: 305e76efd408acd9 - Time: 4406ms

× Failed to compile.

Initial chunk files                                    | Names                                    |  Raw size
runtime.js                                             | runtime                                  |  12.62 kB | 

Lazy chunk files                                       | Names                                    |  Raw size
src_app_features_documents_bulk-upload_component_ts.js | features-documents-bulk-upload-component | 122.72 kB | 

18 unchanged chunks

Build at: 2026-03-16T15:56:56.670Z - Hash: 4b88ec9fa7e9120a - Time: 2976ms

× Failed to compile.

Initial chunk files                                    | Names                                    |  Raw size
runtime.js                                             | runtime                                  |  12.62 kB | 

Lazy chunk files                                       | Names                                    |  Raw size
src_app_features_documents_bulk-upload_component_ts.js | features-documents-bulk-upload-component | 124.08 kB | 

18 unchanged chunks

Build at: 2026-03-16T15:57:11.223Z - Hash: ccd3e5d5ab95f9df - Time: 4323ms

√ Compiled successfully.

Initial chunk files                                    | Names                                    |  Raw size
runtime.js                                             | runtime                                  |  12.62 kB | 

Lazy chunk files                                       | Names                                    |  Raw size
src_app_features_documents_bulk-upload_component_ts.js | features-documents-bulk-upload-component | 123.89 kB | 

18 unchanged chunks

Build at: 2026-03-16T15:57:35.122Z - Hash: c86c202f014d8f56 - Time: 2935ms

√ Compiled successfully.

Initial chunk files                                    | Names                                    |  Raw size
runtime.js                                             | runtime                                  |  12.62 kB | 

Lazy chunk files                                       | Names                                    |  Raw size
src_app_features_documents_bulk-upload_component_ts.js | features-documents-bulk-upload-component | 125.23 kB | 

18 unchanged chunks

Build at: 2026-03-16T15:57:53.313Z - Hash: 905f7042bb9e8b84 - Time: 3394ms

√ Compiled successfully.

Initial chunk files                                    | Names                                    |  Raw size
runtime.js                                             | runtime                                  |  12.62 kB | 

Lazy chunk files                                       | Names                                    |  Raw size
src_app_features_documents_bulk-upload_component_ts.js | features-documents-bulk-upload-component | 125.26 kB | 

18 unchanged chunks

Build at: 2026-03-16T15:58:12.089Z - Hash: 67b0d5838cb0505b - Time: 3678ms

√ Compiled successfully.

Initial chunk files                                    | Names                                    |  Raw size
runtime.js                                             | runtime                                  |  12.62 kB | 

Lazy chunk files                                       | Names                                    |  Raw size
src_app_features_documents_bulk-upload_component_ts.js | features-documents-bulk-upload-component | 134.43 kB | 

18 unchanged chunks

Build at: 2026-03-16T15:59:42.184Z - Hash: d1a44bf29c247cad - Time: 4297ms

√ Compiled successfully.

Initial chunk files                                    | Names                                    |  Raw size
runtime.js                                             | runtime                                  |  12.62 kB | 

Lazy chunk files                                       | Names                                    |  Raw size
src_app_features_documents_bulk-upload_component_ts.js | features-documents-bulk-upload-component | 134.41 kB | 

18 unchanged chunks

Build at: 2026-03-16T16:00:18.910Z - Hash: 430afb2f6e207973 - Time: 4232ms

√ Compiled successfully.

Initial chunk files                                    | Names                                    |  Raw size
runtime.js                                             | runtime                                  |  12.62 kB | 

Lazy chunk files                                       | Names                                    |  Raw size
src_app_features_documents_bulk-upload_component_ts.js | features-documents-bulk-upload-component | 134.48 kB | 

18 unchanged chunks

Build at: 2026-03-16T16:00:22.194Z - Hash: 9b5984aefa596bf8 - Time: 2343ms

√ Compiled successfully.

Initial chunk files                                    | Names                                    |  Raw size
runtime.js                                             | runtime                                  |  12.62 kB | 

Lazy chunk files                                       | Names                                    |  Raw size
src_app_features_documents_bulk-upload_component_ts.js | features-documents-bulk-upload-component | 134.57 kB | 

18 unchanged chunks

Build at: 2026-03-16T16:00:35.759Z - Hash: c97994b03d485c28 - Time: 3475ms

√ Compiled successfully.

Initial chunk files                                    | Names                                    |  Raw size
runtime.js                                             | runtime                                  |  12.62 kB | 

Lazy chunk files                                       | Names                                    |  Raw size
src_app_features_documents_bulk-upload_component_ts.js | features-documents-bulk-upload-component | 134.99 kB | 

18 unchanged chunks

Build at: 2026-03-16T16:23:19.124Z - Hash: ba522d401d9403ab - Time: 3261ms

√ Compiled successfully.



20 unchanged chunks

Build at: 2026-03-16T16:23:20.641Z - Hash: ba522d401d9403ab - Time: 1255ms

√ Compiled successfully.

Initial chunk files                                    | Names                                    |  Raw size
runtime.js                                             | runtime                                  |  12.62 kB | 

Lazy chunk files                                       | Names                                    |  Raw size
src_app_features_documents_bulk-upload_component_ts.js | features-documents-bulk-upload-component | 136.00 kB | 

18 unchanged chunks

Build at: 2026-03-16T16:23:27.557Z - Hash: 8ae6674dc468ee9b - Time: 3044ms

× Failed to compile.

Initial chunk files                                    | Names                                    |  Raw size
runtime.js                                             | runtime                                  |  12.62 kB | 

Lazy chunk files                                       | Names                                    |  Raw size
src_app_features_documents_bulk-upload_component_ts.js | features-documents-bulk-upload-component | 136.34 kB | 

18 unchanged chunks

Build at: 2026-03-16T16:23:55.733Z - Hash: 796b20541ae55811 - Time: 3735ms

× Failed to compile.

Initial chunk files                                    | Names                                    |  Raw size
runtime.js                                             | runtime                                  |  12.62 kB | 

Lazy chunk files                                       | Names                                    |  Raw size
src_app_features_documents_bulk-upload_component_ts.js | features-documents-bulk-upload-component | 136.31 kB | 

18 unchanged chunks

Build at: 2026-03-16T16:24:21.048Z - Hash: 8cf3bfbc6cdc5e3c - Time: 4133ms

× Failed to compile.

Initial chunk files                                    | Names                                    |  Raw size
runtime.js                                             | runtime                                  |  12.62 kB | 

Lazy chunk files                                       | Names                                    |  Raw size
src_app_features_documents_bulk-upload_component_ts.js | features-documents-bulk-upload-component | 136.41 kB | 

18 unchanged chunks

Build at: 2026-03-16T16:24:26.446Z - Hash: 86bfa436225d9d23 - Time: 3644ms

× Failed to compile.

Initial chunk files                                    | Names                                    |  Raw size
runtime.js                                             | runtime                                  |  12.62 kB | 

Lazy chunk files                                       | Names                                    |  Raw size
src_app_features_documents_bulk-upload_component_ts.js | features-documents-bulk-upload-component | 136.49 kB | 

18 unchanged chunks

Build at: 2026-03-16T16:24:35.791Z - Hash: d29682bc473d6ff7 - Time: 2191ms

× Failed to compile.

Initial chunk files                                    | Names                                    |  Raw size
runtime.js                                             | runtime                                  |  12.62 kB | 

Lazy chunk files                                       | Names                                    |  Raw size
src_app_features_documents_bulk-upload_component_ts.js | features-documents-bulk-upload-component | 137.67 kB | 

18 unchanged chunks

Build at: 2026-03-16T16:25:19.706Z - Hash: 9568a48850cbaa65 - Time: 4777ms

× Failed to compile.

Initial chunk files                                    | Names                                    |  Raw size
runtime.js                                             | runtime                                  |  12.62 kB | 

Lazy chunk files                                       | Names                                    |  Raw size
src_app_features_documents_bulk-upload_component_ts.js | features-documents-bulk-upload-component | 137.69 kB | 

18 unchanged chunks

Build at: 2026-03-16T16:25:37.564Z - Hash: 52438b614f34d5b5 - Time: 3254ms

× Failed to compile.

Initial chunk files                                    | Names                                    |  Raw size
runtime.js                                             | runtime                                  |  12.62 kB | 

Lazy chunk files                                       | Names                                    |  Raw size
src_app_features_documents_bulk-upload_component_ts.js | features-documents-bulk-upload-component | 137.69 kB | 

18 unchanged chunks

Build at: 2026-03-16T16:25:42.451Z - Hash: bc3cccfc9d3c0933 - Time: 2505ms

× Failed to compile.

Initial chunk files                                    | Names                                    |  Raw size
runtime.js                                             | runtime                                  |  12.62 kB | 

Lazy chunk files                                       | Names                                    |  Raw size
src_app_features_documents_bulk-upload_component_ts.js | features-documents-bulk-upload-component | 137.89 kB | 

18 unchanged chunks

Build at: 2026-03-16T16:25:49.966Z - Hash: add88ebe888ef7bf - Time: 3393ms

× Failed to compile.

Initial chunk files                                    | Names                                    |  Raw size
runtime.js                                             | runtime                                  |  12.62 kB | 

Lazy chunk files                                       | Names                                    |  Raw size
src_app_features_documents_bulk-upload_component_ts.js | features-documents-bulk-upload-component | 139.65 kB | 

18 unchanged chunks

Build at: 2026-03-16T16:26:04.964Z - Hash: 27bf95bb96c84db6 - Time: 5301ms

√ Compiled successfully.

Initial chunk files                                    | Names                                    |  Raw size
runtime.js                                             | runtime                                  |  12.62 kB | 

Lazy chunk files                                       | Names                                    |  Raw size
src_app_features_documents_bulk-upload_component_ts.js | features-documents-bulk-upload-component | 139.71 kB | 

18 unchanged chunks

Build at: 2026-03-16T16:26:10.330Z - Hash: ee0599fc32bb1bfb - Time: 3862ms

√ Compiled successfully.

Initial chunk files                                    | Names                                    |  Raw size
runtime.js                                             | runtime                                  |  12.62 kB | 

Lazy chunk files                                       | Names                                    |  Raw size
src_app_features_documents_bulk-upload_component_ts.js | features-documents-bulk-upload-component | 139.79 kB | 

18 unchanged chunks

Build at: 2026-03-16T16:26:17.244Z - Hash: 2913f917814bc97e - Time: 3929ms

√ Compiled successfully.

Initial chunk files                                    | Names                                    |  Raw size
runtime.js                                             | runtime                                  |  12.62 kB | 

Lazy chunk files                                       | Names                                    |  Raw size
src_app_features_documents_bulk-upload_component_ts.js | features-documents-bulk-upload-component | 145.64 kB | 

18 unchanged chunks

Build at: 2026-03-16T16:27:04.535Z - Hash: cb6e45c6bbe603f9 - Time: 3699ms

√ Compiled successfully.

Initial chunk files                                    | Names                                    |  Raw size
runtime.js                                             | runtime                                  |  12.62 kB | 

Lazy chunk files                                       | Names                                    |  Raw size
src_app_features_documents_bulk-upload_component_ts.js | features-documents-bulk-upload-component | 158.58 kB | 

18 unchanged chunks

Build at: 2026-03-16T16:27:33.411Z - Hash: b1d5532797097852 - Time: 4391ms

√ Compiled successfully.

Initial chunk files                                    | Names                                    |  Raw size
runtime.js                                             | runtime                                  |  12.62 kB | 

Lazy chunk files                                       | Names                                    |  Raw size
src_app_features_documents_bulk-upload_component_ts.js | features-documents-bulk-upload-component | 159.60 kB | 

18 unchanged chunks

Build at: 2026-03-16T16:27:49.555Z - Hash: 61031c16f3f65c43 - Time: 4639ms

√ Compiled successfully.

Initial chunk files                                    | Names                                    |  Raw size
runtime.js                                             | runtime                                  |  12.62 kB | 

Lazy chunk files                                       | Names                                    |  Raw size
src_app_features_documents_bulk-upload_component_ts.js | features-documents-bulk-upload-component | 126.20 kB | 

18 unchanged chunks

Build at: 2026-03-16T16:28:48.268Z - Hash: 6298129efaf00de5 - Time: 3964ms

√ Compiled successfully.

Initial chunk files                                    | Names                                    |  Raw size
runtime.js                                             | runtime                                  |  12.62 kB | 

Lazy chunk files                                       | Names                                    |  Raw size
src_app_features_documents_bulk-upload_component_ts.js | features-documents-bulk-upload-component | 130.77 kB | 

18 unchanged chunks

Build at: 2026-03-16T16:28:58.476Z - Hash: f77051f6c2ef47c6 - Time: 2982ms

√ Compiled successfully.

Initial chunk files                                    | Names                                    | Raw size
runtime.js                                             | runtime                                  | 12.62 kB | 

Lazy chunk files                                       | Names                                    | Raw size
src_app_features_pdf-editor_pdf-editor_component_ts.js | features-pdf-editor-pdf-editor-component |  1.29 MB | 

18 unchanged chunks

Build at: 2026-03-16T16:29:12.328Z - Hash: 582792747ee85bdf - Time: 7290ms

√ Compiled successfully.

Initial chunk files                                    | Names                                    | Raw size
runtime.js                                             | runtime                                  | 12.62 kB | 

Lazy chunk files                                       | Names                                    | Raw size
src_app_features_pdf-editor_pdf-editor_component_ts.js | features-pdf-editor-pdf-editor-component |  1.29 MB | 

18 unchanged chunks

Build at: 2026-03-16T16:29:22.004Z - Hash: ac15511b555cdc35 - Time: 5071ms

√ Compiled successfully.

Initial chunk files                                    | Names                                    | Raw size
runtime.js                                             | runtime                                  | 12.62 kB | 

Lazy chunk files                                       | Names                                    | Raw size
src_app_features_pdf-editor_pdf-editor_component_ts.js | features-pdf-editor-pdf-editor-component |  1.29 MB | 

18 unchanged chunks

Build at: 2026-03-16T16:29:45.763Z - Hash: 35fa96787e62c3be - Time: 5381ms

√ Compiled successfully.

Initial chunk files                                    | Names                                    | Raw size
runtime.js                                             | runtime                                  | 12.62 kB | 

Lazy chunk files                                       | Names                                    | Raw size
src_app_features_pdf-editor_pdf-editor_component_ts.js | features-pdf-editor-pdf-editor-component |  1.29 MB | 

18 unchanged chunks

Build at: 2026-03-16T16:29:58.264Z - Hash: 696a767e232b6925 - Time: 4332ms

√ Compiled successfully.

Initial chunk files                                    | Names                                    | Raw size
runtime.js                                             | runtime                                  | 12.62 kB | 

Lazy chunk files                                       | Names                                    | Raw size
src_app_features_pdf-editor_pdf-editor_component_ts.js | features-pdf-editor-pdf-editor-component |  1.29 MB | 

18 unchanged chunks

Build at: 2026-03-16T16:30:05.022Z - Hash: 4ffc6484322079ee - Time: 4201ms

√ Compiled successfully.

Initial chunk files                                                                                     | Names                                        |  Raw size
main.js                                                                                                 | main                                         |  43.44 kB | 
runtime.js                                                                                              | runtime                                      |  12.62 kB | 

Lazy chunk files                                                                                        | Names                                        |  Raw size
src_app_features_pdf-editor_pdf-editor_component_ts.js                                                  | features-pdf-editor-pdf-editor-component     |   1.29 MB | 
default-src_app_shared_components_pdf-preview-modal_pdf-preview-modal_component_ts.js                   | features-documents-bulk-upload-component     | 779.97 kB | 
src_app_features_dashboard_dashboard_component_ts.js                                                    | features-dashboard-dashboard-component       | 529.76 kB | 
src_app_features_documents_document-list_component_ts.js                                                | features-documents-document-list-component   | 133.43 kB | 
src_app_features_documents_bulk-upload_component_ts.js                                                  | features-documents-bulk-upload-component     | 130.77 kB | 
default-src_app_shared_components_header_header_component_ts-src_app_shared_components_sideba-b9d451.js | features-dashboard-dashboard-component       |  68.96 kB | 
src_app_features_documents_attach-upload_component_ts.js                                                | features-documents-attach-upload-component   |  51.72 kB | 
src_app_features_upload_upload_component_ts.js                                                          | features-upload-upload-component             |  42.20 kB | 
src_app_features_documents_attach-document_component_ts.js                                              | features-documents-attach-document-component |  30.19 kB | 
src_app_features_settings_settings_component_ts.js                                                      | features-settings-settings-component         |  27.44 kB | 
src_app_features_help_help_component_ts.js                                                              | features-help-help-component                 |  27.01 kB | 
src_app_features_compression_compression_component_ts.js                                                | features-compression-compression-component   |  25.83 kB | 
src_app_features_login_login_component_ts.js                                                            | features-login-login-component               |  15.71 kB | 

5 unchanged chunks

Build at: 2026-03-16T18:48:35.749Z - Hash: d38bd190add39ebe - Time: 16199ms

√ Compiled successfully.



20 unchanged chunks

Build at: 2026-03-16T18:48:37.903Z - Hash: d38bd190add39ebe - Time: 1805ms

√ Compiled successfully.
