[2026-03-17 16:40:11] local.INFO: >>> RAW PARSER PAGE DETAILS <<< {"details_type":"array","details_dump":"Array
(
    [Type] => Page
    [Parent] => Array
        (
            [Type] => Pages
            [Count] => 1
        )

    [Resources] => Array
        (
            [XObject] => Array
                (
                    [Image6] => Array
                        (
                            [Type] => XObject
                            [Subtype] => Image
                            [Width] => 1791
                            [Height] => 2336
                            [ColorSpace] => DeviceRGB
                            [BitsPerComponent] => 8
                            [Filter] => DCTDecode
                            [Interpolate] => true
                            [Length] => 119644
                        )

                    [Image17] => Array
                        (
                            [Type] => XObject
                            [Subtype] => Image
                            [Width] => 193
                            [Height] => 153
                            [ColorSpace] => DeviceRGB
                            [BitsPerComponent] => 8
                            [Interpolate] => false
                            [Filter] => FlateDecode
                            [Length] => 20755
                        )

                    [Image19] => Array
                        (
                            [Type] => XObject
                            [Subtype] => Image
                            [Width] => 254
                            [Height] => 264
                            [ColorSpace] => DeviceRGB
                            [BitsPerComponent] => 8
                            [Filter] => DCTDecode
                            [Interpolate] => true
                            [Length] => 16652
                        )

                )

            [ExtGState] => Array
                (
                    [GS7] => Array
                        (
                            [Type] => ExtGState
                            [BM] => Normal
                            [ca] => 1
                        )

                    [GS10] => Array
                        (
                            [Type] => ExtGState
                            [BM] => Normal
                            [CA] => 1
                        )

                )

            [Font] => Array
                (
                    [F1] => Array
                        (
                            [Name] => Arial-BoldMT
                            [Type] => TrueType
                            [Encoding] => WinAnsiEncoding
                            [Subtype] => TrueType
                            [BaseFont] => Arial-BoldMT
                            [FirstChar] => 32
                            [LastChar] => 243
                        )

                    [F2] => Array
                        (
                            [Name] => ArialMT
                            [Type] => TrueType
                            [Encoding] => WinAnsiEncoding
                            [Subtype] => TrueType
                            [BaseFont] => ArialMT
                            [FirstChar] => 32
                            [LastChar] => 243
                        )

                    [F3] => Array
                        (
                            [Name] => TimesNewRomanPSMT
                            [Type] => TrueType
                            [Encoding] => WinAnsiEncoding
                            [Subtype] => TrueType
                            [BaseFont] => TimesNewRomanPSMT
                            [FirstChar] => 45
                            [LastChar] => 45
                        )

                    [F4] => Array
                        (
                            [Name] => Arial-BoldItalicMT
                            [Type] => TrueType
                            [Encoding] => WinAnsiEncoding
                            [Subtype] => TrueType
                            [BaseFont] => Arial-BoldItalicMT
                            [FirstChar] => 32
                            [LastChar] => 114
                        )

                )

            [ProcSet] => Array
                (
                    [0] => PDF
                    [1] => Text
                    [2] => ImageB
                    [3] => ImageC
                    [4] => ImageI
                )

        )

    [MediaBox] => Array
        (
            [0] => 0
            [1] => 0
            [2] => 595.32
            [3] => 841.92
        )

    [Contents] => Array
        (
            [Filter] => FlateDecode
            [Length] => 4192
        )

    [Group] => Array
        (
            [Type] => Group
            [S] => Transparency
            [CS] => DeviceRGB
        )

    [Tabs] => S
    [StructParents] => 0
)
","page_class":"Smalot\\PdfParser\\Page","available_methods":["getFonts","getFont","getXObjects","getXObject","getText","isFpdf","getPageNumber","getPDFObjectForFpdf","createPDFObjectForFpdf","createPageForFpdf","getTextArray","extractRawData","extractDecodedRawData","getDataCommands","getDataTm","getTextXY","__construct","init","getDocument","getHeader","getConfig","get","has","getDetails","getContent","cleanContent","getSectionsText","getCommandsText","factory"]} 
